<?xml version="1.0" encoding="UTF-8"?>
<!-- Generated by org.testng.reporters.JUnitReportReporter -->
<testsuite hostname="vivobook-asuslaptop-x512flc-x512fl" failures="0" tests="9" name="com.apollo2.Empty_Section.Goat_Brain" time="69.635" errors="0" timestamp="2024-02-23T11:40:36 IST" skipped="0">
  <testcase classname="com.apollo2.Empty_Section.Goat_Brain" name="login" time="9.818"/>
  <system-out/>
  <testcase classname="com.apollo2.Empty_Section.Goat_Brain" name="GoatBrain_4" time="18.555"/>
  <system-out/>
  <testcase classname="com.apollo2.Empty_Section.Goat_Brain" name="Wrong_GB16_CMC_Delete" time="5.861"/>
  <system-out/>
  <testcase classname="com.apollo2.Empty_Section.Goat_Brain" name="GoatBrain_22" time="6.117"/>
  <system-out/>
  <testcase classname="com.apollo2.Empty_Section.Goat_Brain" name="GoatBrain_9" time="6.007"/>
  <system-out/>
  <testcase classname="com.apollo2.Empty_Section.Goat_Brain" name="GoatBrain_21" time="5.438"/>
  <system-out/>
  <testcase classname="com.apollo2.Empty_Section.Goat_Brain" name="GoatBrain_23" time="6.387"/>
  <system-out/>
  <testcase classname="com.apollo2.Empty_Section.Goat_Brain" name="GoatBrain_25" time="6.128"/>
  <system-out/>
  <testcase classname="com.apollo2.Empty_Section.Goat_Brain" name="GoatBrain_24" time="5.324"/>
  <system-out/>
</testsuite> <!-- com.apollo2.Empty_Section.Goat_Brain -->
