<?xml version="1.0" encoding="UTF-8"?>
<!-- Generated by org.testng.reporters.JUnitReportReporter -->
<testsuite hostname="vivobook-asuslaptop-x512flc-x512fl" failures="0" tests="9" name="com.apollo2.Empty_Section.Goat_Brain" time="111.805" errors="0" timestamp="2024-01-18T15:21:00 IST" skipped="0">
  <testcase classname="com.apollo2.Empty_Section.Goat_Brain" name="login" time="12.102"/>
  <system-out/>
  <testcase classname="com.apollo2.Empty_Section.Goat_Brain" name="GoatBrain_4" time="19.419"/>
  <system-out/>
  <testcase classname="com.apollo2.Empty_Section.Goat_Brain" name="Wrong_GB16_CMC_Delete" time="12.024"/>
  <system-out/>
  <testcase classname="com.apollo2.Empty_Section.Goat_Brain" name="GoatBrain_9" time="12.039"/>
  <system-out/>
  <testcase classname="com.apollo2.Empty_Section.Goat_Brain" name="GoatBrain_22" time="11.021"/>
  <system-out/>
  <testcase classname="com.apollo2.Empty_Section.Goat_Brain" name="GoatBrain_21" time="12.018"/>
  <system-out/>
  <testcase classname="com.apollo2.Empty_Section.Goat_Brain" name="GoatBrain_23" time="11.270"/>
  <system-out/>
  <testcase classname="com.apollo2.Empty_Section.Goat_Brain" name="GoatBrain_25" time="11.684"/>
  <system-out/>
  <testcase classname="com.apollo2.Empty_Section.Goat_Brain" name="GoatBrain_24" time="10.228"/>
  <system-out/>
</testsuite> <!-- com.apollo2.Empty_Section.Goat_Brain -->
